trim trailing whitespace.................................................Passed
fix end of files.........................................................Passed
check yaml...............................................................Passed
check for added large files..............................................Passed
check for merge conflicts................................................Passed
check for case conflicts.................................................Passed
check toml...............................................................Passed
check json...............................................................Passed
black....................................................................Passed
isort (python)...........................................................Passed
flake8...................................................................Failed
- hook id: flake8
- exit code: 1

conftest.py:15:101: E501 line too long (109 > 100 characters)
conftest.py:21:1: E402 module level import not at top of file
conftest.py:22:1: E402 module level import not at top of file
conftest.py:23:1: E402 module level import not at top of file
conftest.py:24:1: E402 module level import not at top of file
conftest.py:25:1: E402 module level import not at top of file
conftest.py:27:1: E402 module level import not at top of file
conftest.py:28:1: E402 module level import not at top of file
conftest.py:29:1: E402 module level import not at top of file
conftest.py:30:1: E402 module level import not at top of file
conftest.py:31:1: E402 module level import not at top of file
conftest.py:32:1: E402 module level import not at top of file
conftest.py:33:1: E402 module level import not at top of file
conftest.py:34:1: E402 module level import not at top of file
conftest.py:35:1: E402 module level import not at top of file
conftest.py:36:1: E402 module level import not at top of file
conftest.py:37:1: E402 module level import not at top of file
conftest.py:38:1: E402 module level import not at top of file
conftest.py:281:1: F811 redefinition of unused 'page' from line 193

pylint...................................................................Failed
- hook id: pylint
- exit code: 18

************* Module conftest
conftest.py:15:0: C0301: Line too long (109/100) (line-too-long)
conftest.py:21:0: C0413: Import "from _pytest.config.argparsing import Parser" should be placed at the top of the module (wrong-import-position)
conftest.py:22:0: C0413: Import "from _pytest.fixtures import FixtureRequest" should be placed at the top of the module (wrong-import-position)
conftest.py:23:0: C0413: Import "from _pytest.nodes import Item" should be placed at the top of the module (wrong-import-position)
conftest.py:24:0: C0413: Import "from _pytest.runner import CallInfo" should be placed at the top of the module (wrong-import-position)
conftest.py:25:0: C0413: Import "from playwright.sync_api import Browser, BrowserContext, Page, expect" should be placed at the top of the module (wrong-import-position)
conftest.py:27:0: C0413: Import "from config import Config" should be placed at the top of the module (wrong-import-position)
conftest.py:28:0: C0413: Import "from src.utils.metrics_pusher import ExecutionMetrics, cleanup_healix_metrics, cleanup_metrics" should be placed at the top of the module (wrong-import-position)
conftest.py:29:0: C0413: Import "from src.utils.stability import ParaBankInternalError" should be placed at the top of the module (wrong-import-position)
conftest.py:30:0: C0413: Import "from tests.data.user_factory import UserFactory" should be placed at the top of the module (wrong-import-position)
conftest.py:31:0: C0413: Import "from tests.pages.account_overview_page import AccountOverviewPage" should be placed at the top of the module (wrong-import-position)
conftest.py:32:0: C0413: Import "from tests.pages.bill_pay_page import BillPayPage" should be placed at the top of the module (wrong-import-position)
conftest.py:33:0: C0413: Import "from tests.pages.find_transactions_page import FindTransactionsPage" should be placed at the top of the module (wrong-import-position)
conftest.py:34:0: C0413: Import "from tests.pages.helper_pom.payment_services_tab import PaymentServicesTab" should be placed at the top of the module (wrong-import-position)
conftest.py:35:0: C0413: Import "from tests.pages.home_login_page import HomePage" should be placed at the top of the module (wrong-import-position)
conftest.py:36:0: C0413: Import "from tests.pages.open_account_page import OpenAccountPage" should be placed at the top of the module (wrong-import-position)
conftest.py:37:0: C0413: Import "from tests.pages.request_loan_page import RequestLoanPage" should be placed at the top of the module (wrong-import-position)
conftest.py:38:0: C0413: Import "from tests.pages.update_contact_info_page import UpdateContactInfoPage" should be placed at the top of the module (wrong-import-position)
conftest.py:93:4: C0415: Import outside toplevel (healix._patch_expect) (import-outside-toplevel)
conftest.py:199:4: C0415: Import outside toplevel (healix.Healix) (import-outside-toplevel)
conftest.py:281:0: E0102: function already defined line 193 (function-redefined)
conftest.py:310:4: C0415: Import outside toplevel (healix) (import-outside-toplevel)
conftest.py:313:4: C0415: Import outside toplevel (healix.Healix) (import-outside-toplevel)
conftest.py:21:0: C0412: Imports from package _pytest are not grouped (ungrouped-imports)
************* Module metrics_pusher
src/utils/metrics_pusher.py:66:4: C0415: Import outside toplevel (os) (import-outside-toplevel)

------------------------------------------------------------------
Your code has been rated at 9.19/10 (previous run: 9.19/10, +0.00)

mypy.....................................................................Failed
- hook id: mypy
- exit code: 1

tests/data/user_factory.py:3: error: Cannot find implementation or library stub for module named "faker"  [import-not-found]
conftest.py:10: error: Cannot find implementation or library stub for module named "dotenv"  [import-not-found]
conftest.py:10: note: See https://mypy.readthedocs.io/en/stable/running_mypy.html#missing-imports
conftest.py:93: error: Cannot find implementation or library stub for module named "healix"  [import-not-found]
conftest.py:280: error: Name "page" already defined on line 192  [no-redef]
Found 4 errors in 2 files (checked 2 source files)

bandit...................................................................Failed
- hook id: bandit
- exit code: 1

[main]	INFO	profile include tests: None
[main]	INFO	profile exclude tests: B101
[main]	INFO	cli include tests: None
[main]	INFO	cli exclude tests: None
[main]	INFO	using config: .bandit.yaml
[main]	INFO	running on Python 3.10.9
[node_visitor]	WARNING	Unable to find qualified name for module: conftest.py
Run started:2026-02-14 19:29:19.472529

Test results:
>> Issue: [B110:try_except_pass] Try, Except, Pass detected.
   Severity: Low   Confidence: High
   CWE: CWE-703 (https://cwe.mitre.org/data/definitions/703.html)
   More Info: https://bandit.readthedocs.io/en/0.0.0/plugins/b110_try_except_pass.html
   Location: conftest.py:593:4
592	        page.wait_for_selector("title:has-text('Client Challenge')", state="detached", timeout=5000)
593	    except Exception:
594	        pass  # If it didn't appear or didn't go away, we'll fail at the login check next
595

--------------------------------------------------

Code scanned:
	Total lines of code: 633
	Total lines skipped (#nosec): 0
	Total potential issues skipped due to specifically being disabled (e.g., #nosec BXXX): 4

Run metrics:
	Total issues (by severity):
		Undefined: 0
		Low: 1
		Medium: 0
		High: 0
	Total issues (by confidence):
		Undefined: 0
		Low: 0
		Medium: 0
		High: 1
Files skipped (0):

pip-audit................................................................Passed
